\BOOKMARK [0][-]{chapter.1}{Einf\374hrung}{}% 1
\BOOKMARK [1][-]{section.1.1}{Projekt}{chapter.1}% 2
\BOOKMARK [1][-]{section.1.2}{Konzepte}{chapter.1}% 3
\BOOKMARK [2][-]{subsection.1.2.1}{\(Name eines Konzepts\) ...}{section.1.2}% 4
\BOOKMARK [1][-]{section.1.3}{Interessen}{chapter.1}% 5
\BOOKMARK [0][-]{chapter.2}{Umfang}{}% 6
\BOOKMARK [1][-]{section.2.1}{Ziele}{chapter.2}% 7
\BOOKMARK [1][-]{section.2.2}{Grenzen}{chapter.2}% 8
\BOOKMARK [0][-]{chapter.3}{Nutzergruppen}{}% 9
\BOOKMARK [1][-]{section.3.1}{Zielgruppe}{chapter.3}% 10
\BOOKMARK [1][-]{section.3.2}{Interessenten}{chapter.3}% 11
\BOOKMARK [0][-]{chapter.4}{Einsatz}{}% 12
\BOOKMARK [1][-]{section.4.1}{Gebiete}{chapter.4}% 13
\BOOKMARK [1][-]{section.4.2}{Betriebsbedingungen}{chapter.4}% 14
\BOOKMARK [0][-]{chapter.5}{Betriebsmittel}{}% 15
\BOOKMARK [1][-]{section.5.1}{Sch\344tzung des Verbrauchs}{chapter.5}% 16
\BOOKMARK [0][-]{chapter.6}{Anforderungen}{}% 17
\BOOKMARK [1][-]{section.6.1}{Funktionen \(Funktionale Anforderungen\)}{chapter.6}% 18
\BOOKMARK [2][-]{subsection.6.1.1}{\(Name der Funktionalen-Kategorie\) ...}{section.6.1}% 19
\BOOKMARK [2][-]{subsection.6.1.2}{\(Name der Funktionalen-Kategorie\) ...}{section.6.1}% 20
\BOOKMARK [1][-]{section.6.2}{Nicht-Funktionale Anforderungen}{chapter.6}% 21
\BOOKMARK [2][-]{subsection.6.2.1}{\(Name der Nicht-Funktionalen Kategorie\) ...}{section.6.2}% 22
\BOOKMARK [2][-]{subsection.6.2.2}{\(Name der Nicht-Funktionalen Kategorie\) ...}{section.6.2}% 23
\BOOKMARK [0][-]{chapter.7}{Daten}{}% 24
\BOOKMARK [0][-]{chapter.8}{Nutzung}{}% 25
\BOOKMARK [1][-]{section.8.1}{Anwendungsf\344lle}{chapter.8}% 26
\BOOKMARK [1][-]{section.8.2}{Grafische Oberfl\344chen}{chapter.8}% 27
\BOOKMARK [1][-]{section.8.3}{Interaktionsmodelle}{chapter.8}% 28
\BOOKMARK [1][-]{section.8.4}{Schnittstellen}{chapter.8}% 29
\BOOKMARK [0][-]{chapter.9}{Qualit\344tssicherung}{}% 30
\BOOKMARK [1][-]{section.9.1}{Priorit\344ten}{chapter.9}% 31
\BOOKMARK [1][-]{section.9.2}{Testf\344lle}{chapter.9}% 32
\BOOKMARK [0][-]{chapter.10}{Entwicklung}{}% 33
\BOOKMARK [1][-]{section.10.1}{Umgebung}{chapter.10}% 34
\BOOKMARK [2][-]{subsection.10.1.1}{Hardware}{section.10.1}% 35
\BOOKMARK [2][-]{subsection.10.1.2}{Software}{section.10.1}% 36
\BOOKMARK [0][-]{chapter.11}{Verteilung}{}% 37
\BOOKMARK [0][-]{chapter.12}{Verzeichnisse}{}% 38
\BOOKMARK [1][-]{section.12.1}{Fachausdr\374cke}{chapter.12}% 39
\BOOKMARK [1][-]{section.12.2}{Abk\374rzungen}{chapter.12}% 40
