\BOOKMARK [0][-]{chapter.1}{Zielbestimmung}{}% 1
\BOOKMARK [1][-]{section.1.1}{Musskriterien}{chapter.1}% 2
\BOOKMARK [1][-]{section.1.2}{Kannkriterien}{chapter.1}% 3
\BOOKMARK [0][-]{chapter.2}{Produkteinsatz}{}% 4
\BOOKMARK [1][-]{section.2.1}{Anwendungsbereiche}{chapter.2}% 5
\BOOKMARK [1][-]{section.2.2}{Zielgruppen}{chapter.2}% 6
\BOOKMARK [0][-]{chapter.3}{Produktumgebung}{}% 7
\BOOKMARK [1][-]{section.3.1}{Software}{chapter.3}% 8
\BOOKMARK [1][-]{section.3.2}{Hardware}{chapter.3}% 9
\BOOKMARK [0][-]{chapter.4}{Funktionale Anforderungen}{}% 10
\BOOKMARK [1][-]{section.4.1}{Konfiguration}{chapter.4}% 11
\BOOKMARK [1][-]{section.4.2}{Spielfunktionen}{chapter.4}% 12
\BOOKMARK [1][-]{section.4.3}{Darstellung}{chapter.4}% 13
\BOOKMARK [1][-]{section.4.4}{Datenverwaltung}{chapter.4}% 14
\BOOKMARK [0][-]{chapter.5}{Produktdaten}{}% 15
\BOOKMARK [0][-]{chapter.6}{Nichtfunktionale Anforderungen}{}% 16
\BOOKMARK [0][-]{chapter.7}{Globale Testf\344lle}{}% 17
\BOOKMARK [0][-]{chapter.8}{Systemmodelle}{}% 18
\BOOKMARK [1][-]{section.8.1}{Anwendungsf\344lle}{chapter.8}% 19
\BOOKMARK [1][-]{section.8.2}{Benutzerinteratktionsmodell}{chapter.8}% 20
\BOOKMARK [1][-]{section.8.3}{Benutzerschnittstelle}{chapter.8}% 21
\BOOKMARK [0][-]{chapter.9}{Glossar}{}% 22
